<?xml version="1.0" encoding="UTF-8"?>
<coverage generated="1660138990297" clover="3.2.0">
  <project timestamp="1660138990297" name="All files">
    <metrics statements="6" coveredstatements="5" conditionals="2" coveredconditionals="1" methods="1" coveredmethods="1" elements="9" coveredelements="7" complexity="0" loc="6" ncloc="6" packages="1" files="1" classes="1"/>
    <file name="filterOdd.js" path="/Users/ladeva/Projects/DEVA/TDD-Studies/Basics/method-array/filter/odd/filterOdd.js">
      <metrics statements="6" coveredstatements="5" conditionals="2" coveredconditionals="1" methods="1" coveredmethods="1"/>
      <line num="11" count="1" type="stmt"/>
      <line num="13" count="1" type="stmt"/>
      <line num="14" count="3" type="cond" truecount="1" falsecount="1"/>
      <line num="15" count="0" type="stmt"/>
      <line num="19" count="1" type="stmt"/>
      <line num="22" count="1" type="stmt"/>
    </file>
  </project>
</coverage>
